0 info it worked if it ends with ok
1 verbose cli [ '/install/node/bin/node', '/usr/bin/npm', 'run', 'build' ]
2 info using npm@6.14.8
3 info using node@v14.15.0
4 verbose run-script [ 'prebuild', 'build', 'postbuild' ]
5 info lifecycle my-app@1.0.0~prebuild: my-app@1.0.0
6 info lifecycle my-app@1.0.0~build: my-app@1.0.0
7 verbose lifecycle my-app@1.0.0~build: unsafe-perm in lifecycle true
8 verbose lifecycle my-app@1.0.0~build: PATH: /install/node/lib/node_modules/npm/node_modules/npm-lifecycle/node-gyp-bin:/project/Interest/node_modules/.bin:/usr/local/sbin:/usr/local/bin:/usr/sbin:/usr/bin:/root/bin:/usr/bin/git/bin
9 verbose lifecycle my-app@1.0.0~build: CWD: /project/Interest
10 silly lifecycle my-app@1.0.0~build: Args: [ '-c', 'react-scripts build' ]
11 silly lifecycle my-app@1.0.0~build: Returned: code: 1  signal: null
12 info lifecycle my-app@1.0.0~build: Failed to exec build script
13 verbose stack Error: my-app@1.0.0 build: `react-scripts build`
13 verbose stack Exit status 1
13 verbose stack     at EventEmitter.<anonymous> (/install/node/lib/node_modules/npm/node_modules/npm-lifecycle/index.js:332:16)
13 verbose stack     at EventEmitter.emit (events.js:315:20)
13 verbose stack     at ChildProcess.<anonymous> (/install/node/lib/node_modules/npm/node_modules/npm-lifecycle/lib/spawn.js:55:14)
13 verbose stack     at ChildProcess.emit (events.js:315:20)
13 verbose stack     at maybeClose (internal/child_process.js:1048:16)
13 verbose stack     at Process.ChildProcess._handle.onexit (internal/child_process.js:288:5)
14 verbose pkgid my-app@1.0.0
15 verbose cwd /project/Interest
16 verbose Linux 3.10.0-1127.19.1.el7.x86_64
17 verbose argv "/install/node/bin/node" "/usr/bin/npm" "run" "build"
18 verbose node v14.15.0
19 verbose npm  v6.14.8
20 error code ELIFECYCLE
21 error errno 1
22 error my-app@1.0.0 build: `react-scripts build`
22 error Exit status 1
23 error Failed at the my-app@1.0.0 build script.
23 error This is probably not a problem with npm. There is likely additional logging output above.
24 verbose exit [ 1, true ]
